# JRE version: OpenJDK Runtime Environment Temurin-17.0.5+8 (17.0.5+8) (build 17.0.5+8)
# Java VM: OpenJDK 64-Bit Server VM Temurin-17.0.5+8 (17.0.5+8, mixed mode, emulated-client, sharing, tiered, compressed oops, compressed class ptrs, g1 gc, windows-amd64)
GC Precious Log:
 CPUs: 8 total, 8 available
 Memory: 7914M
 Large Page Support: Disabled
 NUMA Support: Disabled
 Compressed Oops: Enabled (32-bit)
 Heap Region Size: 1M
 Heap Min Capacity: 8M
 Heap Initial Capacity: 124M
 Heap Max Capacity: 1980M
 Pre-touch: Disabled
 Parallel Workers: 8
 Concurrent Workers: 2
 Concurrent Refinement Workers: 8
 Periodic GC: Disabled
Heap:
 garbage-first heap   total 51200K, used 31147K [0x0000000084400000, 0x0000000100000000)
  region size 1024K, 17 young (17408K), 2 survivors (2048K)
 Metaspace       used 29336K, committed 29760K, reserved 1081344K
  class space    used 4078K, committed 4288K, reserved 1048576K
GC Heap History (12 events):
Event: 0.946 GC heap before
{Heap before GC invocations=0 (full 0):
 garbage-first heap   total 126976K, used 23552K [0x0000000084400000, 0x0000000100000000)
  region size 1024K, 23 young (23552K), 0 survivors (0K)
 Metaspace       used 6983K, committed 7104K, reserved 1056768K
  class space    used 891K, committed 960K, reserved 1048576K
}
Event: 0.952 GC heap after
{Heap after GC invocations=1 (full 0):
 garbage-first heap   total 126976K, used 7211K [0x0000000084400000, 0x0000000100000000)
  region size 1024K, 3 young (3072K), 3 survivors (3072K)
 Metaspace       used 6983K, committed 7104K, reserved 1056768K
  class space    used 891K, committed 960K, reserved 1048576K
}
Event: 1.377 GC heap before
{Heap before GC invocations=1 (full 0):
 garbage-first heap   total 126976K, used 29739K [0x0000000084400000, 0x0000000100000000)
  region size 1024K, 26 young (26624K), 3 survivors (3072K)
 Metaspace       used 12206K, committed 12416K, reserved 1064960K
  class space    used 1624K, committed 1728K, reserved 1048576K
}
Event: 1.382 GC heap after
{Heap after GC invocations=2 (full 0):
 garbage-first heap   total 126976K, used 8712K [0x0000000084400000, 0x0000000100000000)
  region size 1024K, 2 young (2048K), 2 survivors (2048K)
 Metaspace       used 12206K, committed 12416K, reserved 1064960K
  class space    used 1624K, committed 1728K, reserved 1048576K
}
Event: 2.086 GC heap before
{Heap before GC invocations=2 (full 0):
 garbage-first heap   total 126976K, used 59912K [0x0000000084400000, 0x0000000100000000)
  region size 1024K, 53 young (54272K), 2 survivors (2048K)
 Metaspace       used 19933K, committed 20352K, reserved 1073152K
  class space    used 2691K, committed 2880K, reserved 1048576K
}
Event: 2.093 GC heap after
{Heap after GC invocations=3 (full 0):
 garbage-first heap   total 126976K, used 13456K [0x0000000084400000, 0x0000000100000000)
  region size 1024K, 7 young (7168K), 7 survivors (7168K)
 Metaspace       used 19933K, committed 20352K, reserved 1073152K
  class space    used 2691K, committed 2880K, reserved 1048576K
}
Event: 2.218 GC heap before
{Heap before GC invocations=3 (full 0):
 garbage-first heap   total 126976K, used 22672K [0x0000000084400000, 0x0000000100000000)
  region size 1024K, 17 young (17408K), 7 survivors (7168K)
 Metaspace       used 21201K, committed 21504K, reserved 1073152K
  class space    used 2875K, committed 3008K, reserved 1048576K
}
Event: 2.224 GC heap after
{Heap after GC invocations=4 (full 0):
 garbage-first heap   total 126976K, used 13697K [0x0000000084400000, 0x0000000100000000)
  region size 1024K, 5 young (5120K), 5 survivors (5120K)
 Metaspace       used 21201K, committed 21504K, reserved 1073152K
  class space    used 2875K, committed 3008K, reserved 1048576K
}
Event: 2.584 GC heap before
{Heap before GC invocations=5 (full 0):
 garbage-first heap   total 51200K, used 38273K [0x0000000084400000, 0x0000000100000000)
  region size 1024K, 30 young (30720K), 5 survivors (5120K)
 Metaspace       used 24447K, committed 24832K, reserved 1073152K
  class space    used 3413K, committed 3584K, reserved 1048576K
}
Event: 2.590 GC heap after
{Heap after GC invocations=6 (full 0):
 garbage-first heap   total 51200K, used 16130K [0x0000000084400000, 0x0000000100000000)
  region size 1024K, 4 young (4096K), 4 survivors (4096K)
 Metaspace       used 24447K, committed 24832K, reserved 1073152K
  class space    used 3413K, committed 3584K, reserved 1048576K
}
Event: 2.878 GC heap before
{Heap before GC invocations=6 (full 0):
 garbage-first heap   total 51200K, used 34562K [0x0000000084400000, 0x0000000100000000)
  region size 1024K, 23 young (23552K), 4 survivors (4096K)
 Metaspace       used 27290K, committed 27776K, reserved 1081344K
  class space    used 3795K, committed 4032K, reserved 1048576K
}
Event: 2.882 GC heap after
{Heap after GC invocations=7 (full 0):
 garbage-first heap   total 51200K, used 17835K [0x0000000084400000, 0x0000000100000000)
  region size 1024K, 2 young (2048K), 2 survivors (2048K)
 Metaspace       used 27290K, committed 27776K, reserved 1081344K
  class space    used 3795K, committed 4032K, reserved 1048576K
}

